# JRE version: Java(TM) SE Runtime Environment (8.0_111-b14) (build 1.8.0_111-b14)
# Java VM: Java HotSpot(TM) 64-Bit Server VM (25.111-b14 mixed mode windows-amd64 compressed oops)
Heap:
 PSYoungGen      total 140288K, used 12957K [0x00000000e2c00000, 0x00000000ec600000, 0x0000000100000000)
  eden space 130560K, 9% used [0x00000000e2c00000,0x00000000e38a7480,0x00000000eab80000)
  from space 9728K, 0% used [0x00000000eb800000,0x00000000eb800000,0x00000000ec180000)
  to   space 12800K, 0% used [0x00000000eab80000,0x00000000eab80000,0x00000000eb800000)
 ParOldGen       total 54272K, used 21427K [0x00000000a8400000, 0x00000000ab900000, 0x00000000e2c00000)
  object space 54272K, 39% used [0x00000000a8400000,0x00000000a98ecd78,0x00000000ab900000)
 Metaspace       used 36938K, capacity 37628K, committed 37888K, reserved 1081344K
  class space    used 5114K, capacity 5333K, committed 5376K, reserved 1048576K
GC Heap History (10 events):
Event: 10.282 GC heap before
{Heap before GC invocations=8 (full 1):
 PSYoungGen      total 54272K, used 4773K [0x00000000e2c00000, 0x00000000e9500000, 0x0000000100000000)
  eden space 45056K, 0% used [0x00000000e2c00000,0x00000000e2c00000,0x00000000e5800000)
  from space 9216K, 51% used [0x00000000e5800000,0x00000000e5ca9680,0x00000000e6100000)
  to   space 8704K, 0% used [0x00000000e8c80000,0x00000000e8c80000,0x00000000e9500000)
 ParOldGen       total 60416K, used 10671K [0x00000000a8400000, 0x00000000abf00000, 0x00000000e2c00000)
  object space 60416K, 17% used [0x00000000a8400000,0x00000000a8e6bec0,0x00000000abf00000)
 Metaspace       used 20910K, capacity 21168K, committed 21296K, reserved 1067008K
  class space    used 2854K, capacity 2937K, committed 2944K, reserved 1048576K
Event: 10.448 GC heap after
Heap after GC invocations=8 (full 1):
 PSYoungGen      total 54272K, used 0K [0x00000000e2c00000, 0x00000000e9500000, 0x0000000100000000)
  eden space 45056K, 0% used [0x00000000e2c00000,0x00000000e2c00000,0x00000000e5800000)
  from space 9216K, 0% used [0x00000000e5800000,0x00000000e5800000,0x00000000e6100000)
  to   space 8704K, 0% used [0x00000000e8c80000,0x00000000e8c80000,0x00000000e9500000)
 ParOldGen       total 40960K, used 12099K [0x00000000a8400000, 0x00000000aac00000, 0x00000000e2c00000)
  object space 40960K, 29% used [0x00000000a8400000,0x00000000a8fd0df8,0x00000000aac00000)
 Metaspace       used 20910K, capacity 21168K, committed 21296K, reserved 1067008K
  class space    used 2854K, capacity 2937K, committed 2944K, reserved 1048576K
}
Event: 17.322 GC heap before
{Heap before GC invocations=9 (full 1):
 PSYoungGen      total 54272K, used 45056K [0x00000000e2c00000, 0x00000000e9500000, 0x0000000100000000)
  eden space 45056K, 100% used [0x00000000e2c00000,0x00000000e5800000,0x00000000e5800000)
  from space 9216K, 0% used [0x00000000e5800000,0x00000000e5800000,0x00000000e6100000)
  to   space 8704K, 0% used [0x00000000e8c80000,0x00000000e8c80000,0x00000000e9500000)
 ParOldGen       total 40960K, used 12099K [0x00000000a8400000, 0x00000000aac00000, 0x00000000e2c00000)
  object space 40960K, 29% used [0x00000000a8400000,0x00000000a8fd0df8,0x00000000aac00000)
 Metaspace       used 25131K, capacity 25514K, committed 25728K, reserved 1071104K
  class space    used 3521K, capacity 3663K, committed 3712K, reserved 1048576K
Event: 17.521 GC heap after
Heap after GC invocations=9 (full 1):
 PSYoungGen      total 91648K, used 4758K [0x00000000e2c00000, 0x00000000e9180000, 0x0000000100000000)
  eden space 86528K, 0% used [0x00000000e2c00000,0x00000000e2c00000,0x00000000e8080000)
  from space 5120K, 92% used [0x00000000e8c80000,0x00000000e9125800,0x00000000e9180000)
  to   space 8704K, 0% used [0x00000000e8080000,0x00000000e8080000,0x00000000e8900000)
 ParOldGen       total 40960K, used 12107K [0x00000000a8400000, 0x00000000aac00000, 0x00000000e2c00000)
  object space 40960K, 29% used [0x00000000a8400000,0x00000000a8fd2df8,0x00000000aac00000)
 Metaspace       used 25131K, capacity 25514K, committed 25728K, reserved 1071104K
  class space    used 3521K, capacity 3663K, committed 3712K, reserved 1048576K
}
Event: 34.293 GC heap before
{Heap before GC invocations=10 (full 1):
 PSYoungGen      total 91648K, used 91286K [0x00000000e2c00000, 0x00000000e9180000, 0x0000000100000000)
  eden space 86528K, 100% used [0x00000000e2c00000,0x00000000e8080000,0x00000000e8080000)
  from space 5120K, 92% used [0x00000000e8c80000,0x00000000e9125800,0x00000000e9180000)
  to   space 8704K, 0% used [0x00000000e8080000,0x00000000e8080000,0x00000000e8900000)
 ParOldGen       total 40960K, used 12107K [0x00000000a8400000, 0x00000000aac00000, 0x00000000e2c00000)
  object space 40960K, 29% used [0x00000000a8400000,0x00000000a8fd2df8,0x00000000aac00000)
 Metaspace       used 30967K, capacity 31420K, committed 31872K, reserved 1077248K
  class space    used 4243K, capacity 4415K, committed 4480K, reserved 1048576K
Event: 34.326 GC heap after
Heap after GC invocations=10 (full 1):
 PSYoungGen      total 95232K, used 8697K [0x00000000e2c00000, 0x00000000ec180000, 0x0000000100000000)
  eden space 86528K, 0% used [0x00000000e2c00000,0x00000000e2c00000,0x00000000e8080000)
  from space 8704K, 99% used [0x00000000e8080000,0x00000000e88fe708,0x00000000e8900000)
  to   space 9728K, 0% used [0x00000000eb800000,0x00000000eb800000,0x00000000ec180000)
 ParOldGen       total 40960K, used 12771K [0x00000000a8400000, 0x00000000aac00000, 0x00000000e2c00000)
  object space 40960K, 31% used [0x00000000a8400000,0x00000000a9078c50,0x00000000aac00000)
 Metaspace       used 30967K, capacity 31420K, committed 31872K, reserved 1077248K
  class space    used 4243K, capacity 4415K, committed 4480K, reserved 1048576K
}
Event: 39.253 GC heap before
{Heap before GC invocations=11 (full 1):
 PSYoungGen      total 95232K, used 91826K [0x00000000e2c00000, 0x00000000ec180000, 0x0000000100000000)
  eden space 86528K, 96% used [0x00000000e2c00000,0x00000000e7d2e358,0x00000000e8080000)
  from space 8704K, 99% used [0x00000000e8080000,0x00000000e88fe708,0x00000000e8900000)
  to   space 9728K, 0% used [0x00000000eb800000,0x00000000eb800000,0x00000000ec180000)
 ParOldGen       total 40960K, used 12771K [0x00000000a8400000, 0x00000000aac00000, 0x00000000e2c00000)
  object space 40960K, 31% used [0x00000000a8400000,0x00000000a9078c50,0x00000000aac00000)
 Metaspace       used 34570K, capacity 35162K, committed 35456K, reserved 1079296K
  class space    used 4716K, capacity 4930K, committed 4992K, reserved 1048576K
Event: 39.339 GC heap after
Heap after GC invocations=11 (full 1):
 PSYoungGen      total 140288K, used 9727K [0x00000000e2c00000, 0x00000000ec600000, 0x0000000100000000)
  eden space 130560K, 0% used [0x00000000e2c00000,0x00000000e2c00000,0x00000000eab80000)
  from space 9728K, 99% used [0x00000000eb800000,0x00000000ec17fe18,0x00000000ec180000)
  to   space 12800K, 0% used [0x00000000eab80000,0x00000000eab80000,0x00000000eb800000)
 ParOldGen       total 40960K, used 17263K [0x00000000a8400000, 0x00000000aac00000, 0x00000000e2c00000)
  object space 40960K, 42% used [0x00000000a8400000,0x00000000a94dbc90,0x00000000aac00000)
 Metaspace       used 34570K, capacity 35162K, committed 35456K, reserved 1079296K
  class space    used 4716K, capacity 4930K, committed 4992K, reserved 1048576K
}
Event: 39.339 GC heap before
{Heap before GC invocations=12 (full 2):
 PSYoungGen      total 140288K, used 9727K [0x00000000e2c00000, 0x00000000ec600000, 0x0000000100000000)
  eden space 130560K, 0% used [0x00000000e2c00000,0x00000000e2c00000,0x00000000eab80000)
  from space 9728K, 99% used [0x00000000eb800000,0x00000000ec17fe18,0x00000000ec180000)
  to   space 12800K, 0% used [0x00000000eab80000,0x00000000eab80000,0x00000000eb800000)
 ParOldGen       total 40960K, used 17263K [0x00000000a8400000, 0x00000000aac00000, 0x00000000e2c00000)
  object space 40960K, 42% used [0x00000000a8400000,0x00000000a94dbc90,0x00000000aac00000)
 Metaspace       used 34570K, capacity 35162K, committed 35456K, reserved 1079296K
  class space    used 4716K, capacity 4930K, committed 4992K, reserved 1048576K
Event: 39.893 GC heap after
Heap after GC invocations=12 (full 2):
 PSYoungGen      total 140288K, used 0K [0x00000000e2c00000, 0x00000000ec600000, 0x0000000100000000)
  eden space 130560K, 0% used [0x00000000e2c00000,0x00000000e2c00000,0x00000000eab80000)
  from space 9728K, 0% used [0x00000000eb800000,0x00000000eb800000,0x00000000ec180000)
  to   space 12800K, 0% used [0x00000000eab80000,0x00000000eab80000,0x00000000eb800000)
 ParOldGen       total 54272K, used 21427K [0x00000000a8400000, 0x00000000ab900000, 0x00000000e2c00000)
  object space 54272K, 39% used [0x00000000a8400000,0x00000000a98ecd78,0x00000000ab900000)
 Metaspace       used 34570K, capacity 35162K, committed 35456K, reserved 1079296K
  class space    used 4716K, capacity 4930K, committed 4992K, reserved 1048576K
}

