# JRE version: Java(TM) SE Runtime Environment (8.0_111-b14) (build 1.8.0_111-b14)
# Java VM: Java HotSpot(TM) 64-Bit Server VM (25.111-b14 mixed mode windows-amd64 compressed oops)
Heap:
 PSYoungGen      total 49664K, used 15888K [0x00000000e2c00000, 0x00000000e7700000, 0x0000000100000000)
  eden space 39936K, 21% used [0x00000000e2c00000,0x00000000e3493070,0x00000000e5300000)
  from space 9728K, 73% used [0x00000000e5300000,0x00000000e59f1228,0x00000000e5c80000)
  to   space 9728K, 0% used [0x00000000e6d80000,0x00000000e6d80000,0x00000000e7700000)
 ParOldGen       total 44032K, used 12203K [0x00000000a8400000, 0x00000000aaf00000, 0x00000000e2c00000)
  object space 44032K, 27% used [0x00000000a8400000,0x00000000a8fead30,0x00000000aaf00000)
 Metaspace       used 29075K, capacity 29452K, committed 29824K, reserved 1075200K
  class space    used 3997K, capacity 4108K, committed 4224K, reserved 1048576K
GC Heap History (10 events):
Event: 90.999 GC heap before
{Heap before GC invocations=6 (full 0):
 PSYoungGen      total 25600K, used 9970K [0x00000000e2c00000, 0x00000000e5580000, 0x0000000100000000)
  eden space 22016K, 29% used [0x00000000e2c00000,0x00000000e3242ac8,0x00000000e4180000)
  from space 3584K, 99% used [0x00000000e4200000,0x00000000e457a0e0,0x00000000e4580000)
  to   space 10240K, 0% used [0x00000000e4b80000,0x00000000e4b80000,0x00000000e5580000)
 ParOldGen       total 60416K, used 11529K [0x00000000a8400000, 0x00000000abf00000, 0x00000000e2c00000)
  object space 60416K, 19% used [0x00000000a8400000,0x00000000a8f425d8,0x00000000abf00000)
 Metaspace       used 20795K, capacity 21066K, committed 21248K, reserved 1067008K
  class space    used 2679K, capacity 2773K, committed 2816K, reserved 1048576K
Event: 91.156 GC heap after
Heap after GC invocations=6 (full 0):
 PSYoungGen      total 32768K, used 4093K [0x00000000e2c00000, 0x00000000e6a00000, 0x0000000100000000)
  eden space 22528K, 0% used [0x00000000e2c00000,0x00000000e2c00000,0x00000000e4200000)
  from space 10240K, 39% used [0x00000000e4b80000,0x00000000e4f7f5b0,0x00000000e5580000)
  to   space 9728K, 0% used [0x00000000e4200000,0x00000000e4200000,0x00000000e4b80000)
 ParOldGen       total 60416K, used 11529K [0x00000000a8400000, 0x00000000abf00000, 0x00000000e2c00000)
  object space 60416K, 19% used [0x00000000a8400000,0x00000000a8f425d8,0x00000000abf00000)
 Metaspace       used 20795K, capacity 21066K, committed 21248K, reserved 1067008K
  class space    used 2679K, capacity 2773K, committed 2816K, reserved 1048576K
}
Event: 91.156 GC heap before
{Heap before GC invocations=7 (full 1):
 PSYoungGen      total 32768K, used 4093K [0x00000000e2c00000, 0x00000000e6a00000, 0x0000000100000000)
  eden space 22528K, 0% used [0x00000000e2c00000,0x00000000e2c00000,0x00000000e4200000)
  from space 10240K, 39% used [0x00000000e4b80000,0x00000000e4f7f5b0,0x00000000e5580000)
  to   space 9728K, 0% used [0x00000000e4200000,0x00000000e4200000,0x00000000e4b80000)
 ParOldGen       total 60416K, used 11529K [0x00000000a8400000, 0x00000000abf00000, 0x00000000e2c00000)
  object space 60416K, 19% used [0x00000000a8400000,0x00000000a8f425d8,0x00000000abf00000)
 Metaspace       used 20795K, capacity 21066K, committed 21248K, reserved 1067008K
  class space    used 2679K, capacity 2773K, committed 2816K, reserved 1048576K
Event: 91.645 GC heap after
Heap after GC invocations=7 (full 1):
 PSYoungGen      total 32768K, used 0K [0x00000000e2c00000, 0x00000000e6a00000, 0x0000000100000000)
  eden space 22528K, 0% used [0x00000000e2c00000,0x00000000e2c00000,0x00000000e4200000)
  from space 10240K, 0% used [0x00000000e4b80000,0x00000000e4b80000,0x00000000e5580000)
  to   space 9728K, 0% used [0x00000000e4200000,0x00000000e4200000,0x00000000e4b80000)
 ParOldGen       total 44032K, used 12164K [0x00000000a8400000, 0x00000000aaf00000, 0x00000000e2c00000)
  object space 44032K, 27% used [0x00000000a8400000,0x00000000a8fe10d0,0x00000000aaf00000)
 Metaspace       used 20791K, capacity 21060K, committed 21248K, reserved 1067008K
  class space    used 2677K, capacity 2771K, committed 2816K, reserved 1048576K
}
Event: 100.403 GC heap before
{Heap before GC invocations=8 (full 1):
 PSYoungGen      total 32768K, used 22528K [0x00000000e2c00000, 0x00000000e6a00000, 0x0000000100000000)
  eden space 22528K, 100% used [0x00000000e2c00000,0x00000000e4200000,0x00000000e4200000)
  from space 10240K, 0% used [0x00000000e4b80000,0x00000000e4b80000,0x00000000e5580000)
  to   space 9728K, 0% used [0x00000000e4200000,0x00000000e4200000,0x00000000e4b80000)
 ParOldGen       total 44032K, used 12164K [0x00000000a8400000, 0x00000000aaf00000, 0x00000000e2c00000)
  object space 44032K, 27% used [0x00000000a8400000,0x00000000a8fe10d0,0x00000000aaf00000)
 Metaspace       used 22956K, capacity 23248K, committed 23424K, reserved 1069056K
  class space    used 3065K, capacity 3157K, committed 3200K, reserved 1048576K
Event: 100.411 GC heap after
Heap after GC invocations=8 (full 1):
 PSYoungGen      total 32256K, used 3229K [0x00000000e2c00000, 0x00000000e6700000, 0x0000000100000000)
  eden space 22528K, 0% used [0x00000000e2c00000,0x00000000e2c00000,0x00000000e4200000)
  from space 9728K, 33% used [0x00000000e4200000,0x00000000e4527688,0x00000000e4b80000)
  to   space 9728K, 0% used [0x00000000e5d80000,0x00000000e5d80000,0x00000000e6700000)
 ParOldGen       total 44032K, used 12172K [0x00000000a8400000, 0x00000000aaf00000, 0x00000000e2c00000)
  object space 44032K, 27% used [0x00000000a8400000,0x00000000a8fe30d0,0x00000000aaf00000)
 Metaspace       used 22956K, capacity 23248K, committed 23424K, reserved 1069056K
  class space    used 3065K, capacity 3157K, committed 3200K, reserved 1048576K
}
Event: 111.159 GC heap before
{Heap before GC invocations=9 (full 1):
 PSYoungGen      total 32256K, used 25757K [0x00000000e2c00000, 0x00000000e6700000, 0x0000000100000000)
  eden space 22528K, 100% used [0x00000000e2c00000,0x00000000e4200000,0x00000000e4200000)
  from space 9728K, 33% used [0x00000000e4200000,0x00000000e4527688,0x00000000e4b80000)
  to   space 9728K, 0% used [0x00000000e5d80000,0x00000000e5d80000,0x00000000e6700000)
 ParOldGen       total 44032K, used 12172K [0x00000000a8400000, 0x00000000aaf00000, 0x00000000e2c00000)
  object space 44032K, 27% used [0x00000000a8400000,0x00000000a8fe30d0,0x00000000aaf00000)
 Metaspace       used 24439K, capacity 24728K, committed 24960K, reserved 1071104K
  class space    used 3313K, capacity 3392K, committed 3456K, reserved 1048576K
Event: 111.170 GC heap after
Heap after GC invocations=9 (full 1):
 PSYoungGen      total 48640K, used 3366K [0x00000000e2c00000, 0x00000000e6600000, 0x0000000100000000)
  eden space 39936K, 0% used [0x00000000e2c00000,0x00000000e2c00000,0x00000000e5300000)
  from space 8704K, 38% used [0x00000000e5d80000,0x00000000e60c98c8,0x00000000e6600000)
  to   space 9728K, 0% used [0x00000000e5300000,0x00000000e5300000,0x00000000e5c80000)
 ParOldGen       total 44032K, used 12180K [0x00000000a8400000, 0x00000000aaf00000, 0x00000000e2c00000)
  object space 44032K, 27% used [0x00000000a8400000,0x00000000a8fe50d0,0x00000000aaf00000)
 Metaspace       used 24439K, capacity 24728K, committed 24960K, reserved 1071104K
  class space    used 3313K, capacity 3392K, committed 3456K, reserved 1048576K
}
Event: 143.590 GC heap before
{Heap before GC invocations=10 (full 1):
 PSYoungGen      total 48640K, used 43302K [0x00000000e2c00000, 0x00000000e6600000, 0x0000000100000000)
  eden space 39936K, 100% used [0x00000000e2c00000,0x00000000e5300000,0x00000000e5300000)
  from space 8704K, 38% used [0x00000000e5d80000,0x00000000e60c98c8,0x00000000e6600000)
  to   space 9728K, 0% used [0x00000000e5300000,0x00000000e5300000,0x00000000e5c80000)
 ParOldGen       total 44032K, used 12180K [0x00000000a8400000, 0x00000000aaf00000, 0x00000000e2c00000)
  object space 44032K, 27% used [0x00000000a8400000,0x00000000a8fe50d0,0x00000000aaf00000)
 Metaspace       used 28410K, capacity 28780K, committed 29184K, reserved 1075200K
  class space    used 3898K, capacity 4012K, committed 4096K, reserved 1048576K
Event: 143.620 GC heap after
Heap after GC invocations=10 (full 1):
 PSYoungGen      total 49664K, used 7108K [0x00000000e2c00000, 0x00000000e7700000, 0x0000000100000000)
  eden space 39936K, 0% used [0x00000000e2c00000,0x00000000e2c00000,0x00000000e5300000)
  from space 9728K, 73% used [0x00000000e5300000,0x00000000e59f1228,0x00000000e5c80000)
  to   space 9728K, 0% used [0x00000000e6d80000,0x00000000e6d80000,0x00000000e7700000)
 ParOldGen       total 44032K, used 12203K [0x00000000a8400000, 0x00000000aaf00000, 0x00000000e2c00000)
  object space 44032K, 27% used [0x00000000a8400000,0x00000000a8fead30,0x00000000aaf00000)
 Metaspace       used 28410K, capacity 28780K, committed 29184K, reserved 1075200K
  class space    used 3898K, capacity 4012K, committed 4096K, reserved 1048576K
}

